<?xml version="1.0" encoding="UTF-8"?>
<!-- Generated by org.testng.reporters.JUnitReportReporter -->
<testsuite skipped="0" hostname="DESKTOP-27L8JE7" name="frameswitchings.FileUpload" tests="1" failures="0" timestamp="27 Oct 2020 07:17:22 GMT" time="18.825" errors="0">
  <testcase name="fileupload" time="18.825" classname="frameswitchings.FileUpload"/>
</testsuite> <!-- frameswitchings.FileUpload -->
