<?xml version="1.0" encoding="UTF-8"?>
<!-- Generated by org.testng.reporters.JUnitReportReporter -->
<testsuite skipped="0" hostname="DESKTOP-27L8JE7" name="com.project.SeptemberSelenium12PMMaven.TC_004" tests="1" failures="0" timestamp="22 Sep 2020 07:15:43 GMT" time="0.029" errors="0">
  <testcase name="f" time="0.029" classname="com.project.SeptemberSelenium12PMMaven.TC_004"/>
</testsuite> <!-- com.project.SeptemberSelenium12PMMaven.TC_004 -->
