<?xml version="1.0" encoding="UTF-8"?>
<!-- Generated by org.testng.reporters.JUnitReportReporter -->
<testsuite skipped="1" hostname="DESKTOP-27L8JE7" name="exceldatadriven.DataManagementWithHashTable" tests="2" failures="0" timestamp="07 Oct 2020 07:07:11 GMT" time="0.024" errors="0">
  <testcase name="f" time="0.019" classname="exceldatadriven.DataManagementWithHashTable"/>
  <testcase name="f" time="0.005" classname="exceldatadriven.DataManagementWithHashTable">
    <skipped/>
  </testcase> <!-- f -->
</testsuite> <!-- exceldatadriven.DataManagementWithHashTable -->
