<?xml version="1.0" encoding="UTF-8"?>
<!-- Generated by org.testng.reporters.JUnitReportReporter -->
<testsuite skipped="1" hostname="DESKTOP-27L8JE7" name="pom.TC_007" tests="2" failures="0" timestamp="20 Oct 2020 07:22:53 GMT" time="32.229" errors="0">
  <testcase name="registration" time="32.229" classname="pom.TC_007"/>
  <testcase name="loginTest" classname="pom.TC_007">
    <skipped/>
  </testcase> <!-- loginTest -->
</testsuite> <!-- pom.TC_007 -->
