<?xml version="1.0" encoding="UTF-8"?>
<!-- Generated by org.testng.reporters.JUnitReportReporter -->
<testsuite skipped="1" hostname="DESKTOP-27L8JE7" name="com.project.SeptemberSelenium12PMMaven.TC_005" tests="3" failures="0" timestamp="22 Sep 2020 07:26:46 GMT" time="0.016" errors="0">
  <testcase name="z" time="0.011" classname="com.project.SeptemberSelenium12PMMaven.TC_005"/>
  <testcase name="f" time="0.005" classname="com.project.SeptemberSelenium12PMMaven.TC_005"/>
  <testcase name="a" classname="com.project.SeptemberSelenium12PMMaven.TC_005">
    <skipped/>
  </testcase> <!-- a -->
</testsuite> <!-- com.project.SeptemberSelenium12PMMaven.TC_005 -->
