<?xml version="1.0" encoding="UTF-8"?>
<!-- Generated by org.testng.reporters.JUnitReportReporter -->
<testsuite skipped="0" hostname="DESKTOP-27L8JE7" name="com.project.SeptemberSelenium12PMMaven.RadioButton1" tests="1" failures="0" timestamp="2020-09-23T13:05:02 IST" time="43.793" errors="0">
  <testcase name="radioButtonTest" time="43.793" classname="com.project.SeptemberSelenium12PMMaven.RadioButton1"/>
  <system-out/>
</testsuite> <!-- com.project.SeptemberSelenium12PMMaven.RadioButton1 -->
