<?xml version="1.0" encoding="UTF-8"?>
<!-- Generated by org.testng.reporters.JUnitReportReporter -->
<testsuite skipped="1" hostname="DESKTOP-27L8JE7" name="exceldatadriven.Facebook1" tests="2" failures="0" timestamp="20 Oct 2020 12:06:57 GMT" time="19.968" errors="0">
  <testcase name="f" time="11.072" classname="exceldatadriven.Facebook1"/>
  <testcase name="f" time="8.896" classname="exceldatadriven.Facebook1">
    <skipped/>
  </testcase> <!-- f -->
</testsuite> <!-- exceldatadriven.Facebook1 -->
