<?xml version="1.0" encoding="UTF-8"?>
<!-- Generated by org.testng.reporters.JUnitReportReporter -->
<testsuite skipped="0" hostname="DESKTOP-27L8JE7" name="frameswitchings.AlertHandling" tests="1" failures="0" timestamp="27 Oct 2020 06:47:57 GMT" time="23.250" errors="0">
  <testcase name="f" time="23.250" classname="frameswitchings.AlertHandling"/>
</testsuite> <!-- frameswitchings.AlertHandling -->
