<?xml version="1.0" encoding="UTF-8"?>
<!-- Generated by org.testng.reporters.JUnitReportReporter -->
<testsuite skipped="0" hostname="DESKTOP-27L8JE7" name="exceldatadriven.DataManagementWithDataProvider" tests="1" failures="0" timestamp="07 Oct 2020 06:43:03 GMT" time="0.020" errors="0">
  <testcase name="f" time="0.020" classname="exceldatadriven.DataManagementWithDataProvider"/>
</testsuite> <!-- exceldatadriven.DataManagementWithDataProvider -->
