<?xml version="1.0" encoding="UTF-8"?>
<!-- Generated by org.testng.reporters.JUnitReportReporter -->
<testsuite skipped="0" hostname="DESKTOP-27L8JE7" name="parallel.TestMethod" tests="2" failures="0" timestamp="2020-09-24T12:36:21 IST" time="0.050" errors="0">
  <testcase name="sampleTest1" time="0.025" classname="parallel.TestMethod"/>
  <system-out/>
  <testcase name="sampleTest2" time="0.025" classname="parallel.TestMethod"/>
  <system-out/>
</testsuite> <!-- parallel.TestMethod -->
