<?xml version="1.0" encoding="UTF-8"?>
<!-- Generated by org.testng.reporters.JUnitReportReporter -->
<testsuite skipped="0" hostname="DESKTOP-27L8JE7" name="com.project.SeptemberSelenium12PMMaven.LinksTesting1" tests="1" failures="0" timestamp="2020-09-23T13:05:02 IST" time="45.225" errors="0">
  <testcase name="linktesting1" time="45.225" classname="com.project.SeptemberSelenium12PMMaven.LinksTesting1"/>
  <system-out>
Clicked on Image Link  </system-out>
</testsuite> <!-- com.project.SeptemberSelenium12PMMaven.LinksTesting1 -->
